#
# A fatal error has been detected by the Java Runtime Environment:
#
#  EXCEPTION_ACCESS_VIOLATION (0xc0000005) at pc=0x00007ffd1263ef8d, pid=10716, tid=0x0000000000002834
#
# JRE version: Java(TM) SE Runtime Environment (8.0_241-b07) (build 1.8.0_241-b07)
# Java VM: Java HotSpot(TM) 64-Bit Server VM (25.241-b07 mixed mode windows-amd64 compressed oops)
# Problematic frame:
# C  [libsilkidcap.dll+0xef8d]
#
# Failed to write core dump. Minidumps are not enabled by default on client versions of Windows
#
# If you would like to submit a bug report, please visit:
#   http://bugreport.java.com/bugreport/crash.jsp
# The crash happened outside the Java Virtual Machine in native code.
# See problematic frame for where to report the bug.
#

---------------  T H R E A D  ---------------

Current thread (0x0000000019ffb000):  JavaThread "Thread-4" [_thread_in_native, id=10292, stack(0x000000001cdf0000,0x000000001cef0000)]

siginfo: ExceptionCode=0xc0000005, writing address 0x000000001be10000

Registers:
RAX=0xf0f4f4f3f5f5f8f1, RBX=0x000000001bd10d40, RCX=0x000000001be10020, RDX=0x0000000000c24040
RSP=0x000000001ceee888, RBP=0x000000001be10000, RSI=0x00000000168f5740, RDI=0x000000001be10000
R8 =0x000000000001d4c0, R9 =0x0000000000000ea6, R10=0xf0efeff5f3f2f3f2, R11=0x000000001be10000
R12=0x0000000016e04d30, R13=0x0000000000000000, R14=0x000000001ceef2e8, R15=0x000000001be50fc0
RIP=0x00007ffd1263ef8d, EFLAGS=0x0000000000010202

Top of Stack: (sp=0x000000001ceee888)
0x000000001ceee888:   00007ffd12636de3 0000000000000000
0x000000001ceee898:   000000001bd10d40 000000000000012c
0x000000001ceee8a8:   0000000000000000 0000000000000000
0x000000001ceee8b8:   0000000000000000 ffffffff0001d4c0
0x000000001ceee8c8:   000000001ceee890 000000001bde1080
0x000000001ceee8d8:   00007ffd17311e63 0000000000000000
0x000000001ceee8e8:   0000000000000000 0000000000000000
0x000000001ceee8f8:   0000000000000000 000000001be10000
0x000000001ceee908:   00007ffd09554dd7 00000000168f5740
0x000000001ceee918:   000000001be50fc0 000000001ceef2b8
0x000000001ceee928:   0000000000000000 0000000000000000
0x000000001ceee938:   0000000000000000 00000202002b002b
0x000000001ceee948:   0000000100006c48 000000001ceee910
0x000000001ceee958:   00007ffd2c460000 0000000000000000
0x000000001ceee968:   0000000000000000 0000000000000000
0x000000001ceee978:   0000000000000000 0000000000000000 

Instructions: (pc=0x00007ffd1263ef8d)
0x00007ffd1263ef6d:   00 00 00 66 66 66 90 66 66 90 49 81 f9 00 20 00
0x00007ffd1263ef7d:   00 73 42 48 8b 04 0a 4c 8b 54 0a 08 48 83 c1 20
0x00007ffd1263ef8d:   48 89 41 e0 4c 89 51 e8 48 8b 44 0a f0 4c 8b 54
0x00007ffd1263ef9d:   0a f8 49 ff c9 48 89 41 f0 4c 89 51 f8 75 d4 49 


Register to memory mapping:

RAX=0xf0f4f4f3f5f5f8f1 is an unknown value
RBX=0x000000001bd10d40 is an unknown value
RCX=0x000000001be10020 is an unknown value
RDX=0x0000000000c24040 is an unknown value
RSP=0x000000001ceee888 is pointing into the stack for thread: 0x0000000019ffb000
RBP=0x000000001be10000 is an unknown value
RSI=0x00000000168f5740 is an unknown value
RDI=0x000000001be10000 is an unknown value
R8 =0x000000000001d4c0 is an unknown value
R9 =0x0000000000000ea6 is an unknown value
R10=0xf0efeff5f3f2f3f2 is an unknown value
R11=0x000000001be10000 is an unknown value
R12=0x0000000016e04d30 is an unknown value
R13=0x0000000000000000 is an unknown value
R14=0x000000001ceef2e8 is pointing into the stack for thread: 0x0000000019ffb000
R15=0x000000001be50fc0 is an unknown value


Stack: [0x000000001cdf0000,0x000000001cef0000],  sp=0x000000001ceee888,  free space=1018k
Native frames: (J=compiled Java code, j=interpreted, Vv=VM code, C=native code)
C  [libsilkidcap.dll+0xef8d]

Java frames: (J=compiled Java code, j=interpreted, Vv=VM code)
j  com.zkteco.biometric.ZKFPService.AcquireTemplate(J[B[B[I)I+0
j  com.zkteco.biometric.FingerprintSensorEx.AcquireFingerprint(J[B[B[I)I+5
j  Controller.CadastroSaidaController$WorkThread.run()V+85
v  ~StubRoutines::call_stub

---------------  P R O C E S S  ---------------

Java Threads: ( => current thread )
  0x0000000019ff9800 JavaThread "TimerQueue" daemon [_thread_blocked, id=9724, stack(0x000000001cef0000,0x000000001cff0000)]
=>0x0000000019ffb000 JavaThread "Thread-4" [_thread_in_native, id=10292, stack(0x000000001cdf0000,0x000000001cef0000)]
  0x0000000019ffb800 JavaThread "frames-refresher-[0]" daemon [_thread_blocked, id=3916, stack(0x000000001bb20000,0x000000001bc20000)]
  0x0000000019ff8800 JavaThread "webcam-lock-[Logitech QuickCam Pro 5000 0]" daemon [_thread_blocked, id=4584, stack(0x000000001b260000,0x000000001b360000)]
  0x0000000019ffa000 JavaThread "webcam-discovery-service" daemon [_thread_blocked, id=7328, stack(0x0000000019d10000,0x0000000019e10000)]
  0x0000000017460000 JavaThread "atomic-processor-1" daemon [_thread_in_native, id=11192, stack(0x0000000019e10000,0x0000000019f10000)]
  0x0000000016e15800 JavaThread "mysql-cj-abandoned-connection-cleanup" daemon [_thread_blocked, id=10964, stack(0x0000000018d10000,0x0000000018e10000)]
  0x0000000016d51000 JavaThread "Image Fetcher 0" daemon [_thread_blocked, id=11176, stack(0x00000000181a0000,0x00000000182a0000)]
  0x00000000024ae000 JavaThread "DestroyJavaVM" [_thread_blocked, id=6076, stack(0x0000000002360000,0x0000000002460000)]
  0x0000000016d2b000 JavaThread "AWT-EventQueue-0" [_thread_blocked, id=6168, stack(0x0000000017ea0000,0x0000000017fa0000)]
  0x0000000016923000 JavaThread "AWT-Windows" daemon [_thread_in_native, id=7748, stack(0x00000000176a0000,0x00000000177a0000)]
  0x0000000016920800 JavaThread "AWT-Shutdown" [_thread_blocked, id=8572, stack(0x00000000175a0000,0x00000000176a0000)]
  0x000000001691f800 JavaThread "Java2D Disposer" daemon [_thread_blocked, id=3092, stack(0x00000000174a0000,0x00000000175a0000)]
  0x0000000016573800 JavaThread "Service Thread" daemon [_thread_blocked, id=8420, stack(0x0000000016940000,0x0000000016a40000)]
  0x0000000014bd2000 JavaThread "C1 CompilerThread2" daemon [_thread_blocked, id=10624, stack(0x0000000016440000,0x0000000016540000)]
  0x0000000014bcb800 JavaThread "C2 CompilerThread1" daemon [_thread_blocked, id=9796, stack(0x0000000016340000,0x0000000016440000)]
  0x0000000014bc8000 JavaThread "C2 CompilerThread0" daemon [_thread_blocked, id=11220, stack(0x0000000016240000,0x0000000016340000)]
  0x0000000014bc6800 JavaThread "Attach Listener" daemon [_thread_blocked, id=10596, stack(0x0000000016140000,0x0000000016240000)]
  0x0000000014bc3000 JavaThread "Signal Dispatcher" daemon [_thread_blocked, id=3956, stack(0x0000000016040000,0x0000000016140000)]
  0x00000000025ab000 JavaThread "Finalizer" daemon [_thread_blocked, id=5148, stack(0x0000000015e20000,0x0000000015f20000)]
  0x00000000025a2000 JavaThread "Reference Handler" daemon [_thread_blocked, id=11184, stack(0x0000000015d20000,0x0000000015e20000)]

Other Threads:
  0x0000000014b87800 VMThread [stack: 0x0000000015c20000,0x0000000015d20000] [id=4524]
  0x000000001658c000 WatcherThread [stack: 0x0000000016a40000,0x0000000016b40000] [id=10284]

VM state:not at safepoint (normal execution)

VM Mutex/Monitor currently owned by a thread: None

heap address: 0x00000000c1400000, size: 1004 MB, Compressed Oops mode: 32-bit
Narrow klass base: 0x0000000000000000, Narrow klass shift: 3
Compressed class space size: 1073741824 Address: 0x0000000100000000

Heap:
 PSYoungGen      total 18944K, used 6025K [0x00000000eb180000, 0x00000000ec680000, 0x0000000100000000)
  eden space 16384K, 36% used [0x00000000eb180000,0x00000000eb762500,0x00000000ec180000)
  from space 2560K, 0% used [0x00000000ec180000,0x00000000ec180000,0x00000000ec400000)
  to   space 2560K, 0% used [0x00000000ec400000,0x00000000ec400000,0x00000000ec680000)
 ParOldGen       total 39936K, used 8779K [0x00000000c1400000, 0x00000000c3b00000, 0x00000000eb180000)
  object space 39936K, 21% used [0x00000000c1400000,0x00000000c1c92ec8,0x00000000c3b00000)
 Metaspace       used 21865K, capacity 22162K, committed 22448K, reserved 1069056K
  class space    used 2659K, capacity 2765K, committed 2816K, reserved 1048576K

Card table byte_map: [0x0000000011970000,0x0000000011b70000] byte_map_base: 0x0000000011366000

Marking Bits: (ParMarkBitMap*) 0x000000006791be30
 Begin Bits: [0x00000000120c0000, 0x0000000013070000)
 End Bits:   [0x0000000013070000, 0x0000000014020000)

Polling page: 0x0000000000680000

CodeCache: size=245760Kb used=5902Kb max_used=5902Kb free=239857Kb
 bounds [0x00000000025b0000, 0x0000000002b80000, 0x00000000115b0000]
 total_blobs=2538 nmethods=1901 adapters=549
 compilation: enabled

Compilation events (10 events):
Event: 4.809 Thread 0x0000000014bd2000 1891       3       sun.java2d.SunGraphics2D::validateColor (102 bytes)
Event: 4.809 Thread 0x0000000014bd2000 nmethod 1891 0x0000000002b70490 code [0x0000000002b70640, 0x0000000002b70ca8]
Event: 4.809 Thread 0x0000000014bd2000 1892   !   3       sun.java2d.pipe.DrawImage::renderImageScale (158 bytes)
Event: 4.811 Thread 0x0000000014bd2000 nmethod 1892 0x0000000002b70e50 code [0x0000000002b71080, 0x0000000002b72208]
Event: 4.811 Thread 0x0000000014bd2000 1893       3       sun.awt.image.PixelConverter$Argb::rgbToPixel (2 bytes)
Event: 4.812 Thread 0x0000000014bd2000 nmethod 1893 0x0000000002b72ad0 code [0x0000000002b72c20, 0x0000000002b72d70]
Event: 5.200 Thread 0x0000000014bd2000 1894       3       java.util.concurrent.SynchronousQueue$TransferQueue::transfer (328 bytes)
Event: 5.203 Thread 0x0000000014bd2000 nmethod 1894 0x0000000002b72dd0 code [0x0000000002b73080, 0x0000000002b74c48]
Event: 5.203 Thread 0x0000000014bd2000 1895       3       java.util.concurrent.SynchronousQueue$TransferQueue::advanceHead (29 bytes)
Event: 5.203 Thread 0x0000000014bd2000 nmethod 1895 0x0000000002b755d0 code [0x0000000002b75720, 0x0000000002b75930]

GC Heap History (8 events):
Event: 0.724 GC heap before
{Heap before GC invocations=1 (full 0):
 PSYoungGen      total 18944K, used 16384K [0x00000000eb180000, 0x00000000ec680000, 0x0000000100000000)
  eden space 16384K, 100% used [0x00000000eb180000,0x00000000ec180000,0x00000000ec180000)
  from space 2560K, 0% used [0x00000000ec400000,0x00000000ec400000,0x00000000ec680000)
  to   space 2560K, 0% used [0x00000000ec180000,0x00000000ec180000,0x00000000ec400000)
 ParOldGen       total 44032K, used 0K [0x00000000c1400000, 0x00000000c3f00000, 0x00000000eb180000)
  object space 44032K, 0% used [0x00000000c1400000,0x00000000c1400000,0x00000000c3f00000)
 Metaspace       used 16524K, capacity 16792K, committed 17024K, reserved 1064960K
  class space    used 2053K, capacity 2161K, committed 2176K, reserved 1048576K
Event: 0.730 GC heap after
Heap after GC invocations=1 (full 0):
 PSYoungGen      total 18944K, used 2531K [0x00000000eb180000, 0x00000000ec680000, 0x0000000100000000)
  eden space 16384K, 0% used [0x00000000eb180000,0x00000000eb180000,0x00000000ec180000)
  from space 2560K, 98% used [0x00000000ec180000,0x00000000ec3f8fc8,0x00000000ec400000)
  to   space 2560K, 0% used [0x00000000ec400000,0x00000000ec400000,0x00000000ec680000)
 ParOldGen       total 44032K, used 3435K [0x00000000c1400000, 0x00000000c3f00000, 0x00000000eb180000)
  object space 44032K, 7% used [0x00000000c1400000,0x00000000c175af68,0x00000000c3f00000)
 Metaspace       used 16524K, capacity 16792K, committed 17024K, reserved 1064960K
  class space    used 2053K, capacity 2161K, committed 2176K, reserved 1048576K
}
Event: 1.281 GC heap before
{Heap before GC invocations=2 (full 0):
 PSYoungGen      total 18944K, used 18915K [0x00000000eb180000, 0x00000000ec680000, 0x0000000100000000)
  eden space 16384K, 100% used [0x00000000eb180000,0x00000000ec180000,0x00000000ec180000)
  from space 2560K, 98% used [0x00000000ec180000,0x00000000ec3f8fc8,0x00000000ec400000)
  to   space 2560K, 0% used [0x00000000ec400000,0x00000000ec400000,0x00000000ec680000)
 ParOldGen       total 44032K, used 3435K [0x00000000c1400000, 0x00000000c3f00000, 0x00000000eb180000)
  object space 44032K, 7% used [0x00000000c1400000,0x00000000c175af68,0x00000000c3f00000)
 Metaspace       used 18344K, capacity 18670K, committed 18816K, reserved 1064960K
  class space    used 2238K, capacity 2373K, committed 2432K, reserved 1048576K
Event: 1.286 GC heap after
Heap after GC invocations=2 (full 0):
 PSYoungGen      total 18944K, used 2531K [0x00000000eb180000, 0x00000000ec680000, 0x0000000100000000)
  eden space 16384K, 0% used [0x00000000eb180000,0x00000000eb180000,0x00000000ec180000)
  from space 2560K, 98% used [0x00000000ec400000,0x00000000ec678fa8,0x00000000ec680000)
  to   space 2560K, 0% used [0x00000000ec180000,0x00000000ec180000,0x00000000ec400000)
 ParOldGen       total 44032K, used 6050K [0x00000000c1400000, 0x00000000c3f00000, 0x00000000eb180000)
  object space 44032K, 13% used [0x00000000c1400000,0x00000000c19e8830,0x00000000c3f00000)
 Metaspace       used 18344K, capacity 18670K, committed 18816K, reserved 1064960K
  class space    used 2238K, capacity 2373K, committed 2432K, reserved 1048576K
}
Event: 2.545 GC heap before
{Heap before GC invocations=3 (full 0):
 PSYoungGen      total 18944K, used 9407K [0x00000000eb180000, 0x00000000ec680000, 0x0000000100000000)
  eden space 16384K, 41% used [0x00000000eb180000,0x00000000eb837038,0x00000000ec180000)
  from space 2560K, 98% used [0x00000000ec400000,0x00000000ec678fa8,0x00000000ec680000)
  to   space 2560K, 0% used [0x00000000ec180000,0x00000000ec180000,0x00000000ec400000)
 ParOldGen       total 44032K, used 6050K [0x00000000c1400000, 0x00000000c3f00000, 0x00000000eb180000)
  object space 44032K, 13% used [0x00000000c1400000,0x00000000c19e8830,0x00000000c3f00000)
 Metaspace       used 20787K, capacity 21062K, committed 21296K, reserved 1069056K
  class space    used 2519K, capacity 2633K, committed 2688K, reserved 1048576K
Event: 2.553 GC heap after
Heap after GC invocations=3 (full 0):
 PSYoungGen      total 18944K, used 2553K [0x00000000eb180000, 0x00000000ec680000, 0x0000000100000000)
  eden space 16384K, 0% used [0x00000000eb180000,0x00000000eb180000,0x00000000ec180000)
  from space 2560K, 99% used [0x00000000ec180000,0x00000000ec3fe650,0x00000000ec400000)
  to   space 2560K, 0% used [0x00000000ec400000,0x00000000ec400000,0x00000000ec680000)
 ParOldGen       total 44032K, used 7882K [0x00000000c1400000, 0x00000000c3f00000, 0x00000000eb180000)
  object space 44032K, 17% used [0x00000000c1400000,0x00000000c1bb29d8,0x00000000c3f00000)
 Metaspace       used 20787K, capacity 21062K, committed 21296K, reserved 1069056K
  class space    used 2519K, capacity 2633K, committed 2688K, reserved 1048576K
}
Event: 2.553 GC heap before
{Heap before GC invocations=4 (full 1):
 PSYoungGen      total 18944K, used 2553K [0x00000000eb180000, 0x00000000ec680000, 0x0000000100000000)
  eden space 16384K, 0% used [0x00000000eb180000,0x00000000eb180000,0x00000000ec180000)
  from space 2560K, 99% used [0x00000000ec180000,0x00000000ec3fe650,0x00000000ec400000)
  to   space 2560K, 0% used [0x00000000ec400000,0x00000000ec400000,0x00000000ec680000)
 ParOldGen       total 44032K, used 7882K [0x00000000c1400000, 0x00000000c3f00000, 0x00000000eb180000)
  object space 44032K, 17% used [0x00000000c1400000,0x00000000c1bb29d8,0x00000000c3f00000)
 Metaspace       used 20787K, capacity 21062K, committed 21296K, reserved 1069056K
  class space    used 2519K, capacity 2633K, committed 2688K, reserved 1048576K
Event: 2.585 GC heap after
Heap after GC invocations=4 (full 1):
 PSYoungGen      total 18944K, used 0K [0x00000000eb180000, 0x00000000ec680000, 0x0000000100000000)
  eden space 16384K, 0% used [0x00000000eb180000,0x00000000eb180000,0x00000000ec180000)
  from space 2560K, 0% used [0x00000000ec180000,0x00000000ec180000,0x00000000ec400000)
  to   space 2560K, 0% used [0x00000000ec400000,0x00000000ec400000,0x00000000ec680000)
 ParOldGen       total 39936K, used 8779K [0x00000000c1400000, 0x00000000c3b00000, 0x00000000eb180000)
  object space 39936K, 21% used [0x00000000c1400000,0x00000000c1c92ec8,0x00000000c3b00000)
 Metaspace       used 20787K, capacity 21062K, committed 21296K, reserved 1069056K
  class space    used 2519K, capacity 2633K, committed 2688K, reserved 1048576K
}

Deoptimization events (10 events):
Event: 2.196 Thread 0x0000000017460000 Uncommon trap: reason=unstable_if action=reinterpret pc=0x0000000002adc6dc method=sun.misc.URLClassPath.getLoader(I)Lsun/misc/URLClassPath$Loader; @ 36
Event: 2.619 Thread 0x0000000017460000 Uncommon trap: reason=unstable_if action=reinterpret pc=0x000000000289a308 method=java.lang.Integer.parseInt(Ljava/lang/String;I)I @ 122
Event: 2.658 Thread 0x0000000017460000 Uncommon trap: reason=range_check action=make_not_entrant pc=0x0000000002b47ca0 method=sun.reflect.generics.parser.SignatureParser.current()C @ 34
Event: 2.669 Thread 0x0000000017460000 Uncommon trap: reason=class_check action=maybe_recompile pc=0x00000000029086c0 method=java.util.regex.Pattern$Curly.match0(Ljava/util/regex/Matcher;IILjava/lang/CharSequence;)Z @ 31
Event: 2.669 Thread 0x0000000017460000 Uncommon trap: reason=bimorphic action=maybe_recompile pc=0x00000000029e36c8 method=java.util.regex.Pattern$BmpCharProperty.match(Ljava/util/regex/Matcher;ILjava/lang/CharSequence;)Z @ 16
Event: 2.669 Thread 0x0000000017460000 Uncommon trap: reason=bimorphic action=maybe_recompile pc=0x00000000029e36c8 method=java.util.regex.Pattern$BmpCharProperty.match(Ljava/util/regex/Matcher;ILjava/lang/CharSequence;)Z @ 16
Event: 2.669 Thread 0x0000000017460000 Uncommon trap: reason=class_check action=maybe_recompile pc=0x00000000029086c0 method=java.util.regex.Pattern$Curly.match0(Ljava/util/regex/Matcher;IILjava/lang/CharSequence;)Z @ 31
Event: 2.671 Thread 0x000000001744e800 Uncommon trap: reason=class_check action=maybe_recompile pc=0x00000000029086c0 method=java.util.regex.Pattern$Curly.match0(Ljava/util/regex/Matcher;IILjava/lang/CharSequence;)Z @ 31
Event: 3.807 Thread 0x0000000016d2b000 Uncommon trap: reason=unstable_if action=reinterpret pc=0x0000000002b6aae0 method=java.awt.MultipleGradientPaintContext.indexIntoGradientsArrays(F)I @ 13
Event: 3.807 Thread 0x0000000016d2b000 Uncommon trap: reason=unstable_if action=reinterpret pc=0x00000000027d8c94 method=java.awt.MultipleGradientPaintContext.indexIntoGradientsArrays(F)I @ 13

Classes redefined (0 events):
No events

Internal exceptions (10 events):
Event: 2.658 Thread 0x0000000017460000 Exception <a 'java/lang/ArrayIndexOutOfBoundsException'> (0x00000000eb42e5f8) thrown at [C:\ade\jenkins\workspace\8-2-build-windows-amd64-cygwin\jdk8u241\331\hotspot\src\share\vm\runtime\sharedRuntime.cpp, line 605]
Event: 2.658 Thread 0x0000000017460000 Exception <a 'java/lang/ArrayIndexOutOfBoundsException': 39> (0x00000000eb42f758) thrown at [C:\ade\jenkins\workspace\8-2-build-windows-amd64-cygwin\jdk8u241\331\hotspot\src\share\vm\interpreter\interpreterRuntime.cpp, line 368]
Event: 2.658 Thread 0x0000000017460000 Exception <a 'java/lang/ArrayIndexOutOfBoundsException': 85> (0x00000000eb430580) thrown at [C:\ade\jenkins\workspace\8-2-build-windows-amd64-cygwin\jdk8u241\331\hotspot\src\share\vm\interpreter\interpreterRuntime.cpp, line 368]
Event: 2.658 Thread 0x0000000017460000 Exception <a 'java/lang/ArrayIndexOutOfBoundsException': 24> (0x00000000eb430dd8) thrown at [C:\ade\jenkins\workspace\8-2-build-windows-amd64-cygwin\jdk8u241\331\hotspot\src\share\vm\interpreter\interpreterRuntime.cpp, line 368]
Event: 2.658 Thread 0x0000000017460000 Exception <a 'java/lang/ArrayIndexOutOfBoundsException': 79> (0x00000000eb431be0) thrown at [C:\ade\jenkins\workspace\8-2-build-windows-amd64-cygwin\jdk8u241\331\hotspot\src\share\vm\interpreter\interpreterRuntime.cpp, line 368]
Event: 2.658 Thread 0x0000000017460000 Exception <a 'java/lang/ArrayIndexOutOfBoundsException': 79> (0x00000000eb432c80) thrown at [C:\ade\jenkins\workspace\8-2-build-windows-amd64-cygwin\jdk8u241\331\hotspot\src\share\vm\interpreter\interpreterRuntime.cpp, line 368]
Event: 2.664 Thread 0x0000000017460000 Exception <a 'java/lang/NoSuchMethodError': getDevice> (0x00000000eb4a0718) thrown at [C:\ade\jenkins\workspace\8-2-build-windows-amd64-cygwin\jdk8u241\331\hotspot\src\share\vm\prims\jni.cpp, line 1614]
Event: 2.664 Thread 0x0000000017460000 Exception <a 'java/lang/NoSuchMethodError': getNumDevices> (0x00000000eb4a0978) thrown at [C:\ade\jenkins\workspace\8-2-build-windows-amd64-cygwin\jdk8u241\331\hotspot\src\share\vm\prims\jni.cpp, line 1614]
Event: 2.665 Thread 0x0000000017460000 Exception <a 'java/lang/NoSuchMethodError': getName> (0x00000000eb4aa440) thrown at [C:\ade\jenkins\workspace\8-2-build-windows-amd64-cygwin\jdk8u241\331\hotspot\src\share\vm\prims\jni.cpp, line 1614]
Event: 2.665 Thread 0x0000000017460000 Exception <a 'java/lang/NoSuchMethodError': getIdentifier> (0x00000000eb4aa6a8) thrown at [C:\ade\jenkins\workspace\8-2-build-windows-amd64-cygwin\jdk8u241\331\hotspot\src\share\vm\prims\jni.cpp, line 1614]

Events (10 events):
Event: 3.807 Thread 0x0000000016d2b000 DEOPT PACKING pc=0x00000000027d8c94 sp=0x0000000017f9b8b0
Event: 3.807 Thread 0x0000000016d2b000 DEOPT UNPACKING pc=0x00000000025f583b sp=0x0000000017f9b850 mode 2
Event: 3.807 loading class java/awt/geom/Path2D$Float$TxIterator
Event: 3.807 loading class java/awt/geom/Path2D$Iterator
Event: 3.808 loading class java/awt/geom/Path2D$Iterator done
Event: 3.808 loading class java/awt/geom/Path2D$Float$TxIterator done
Event: 4.125 Executing VM operation: EnableBiasedLocking
Event: 4.125 Executing VM operation: EnableBiasedLocking done
Event: 4.306 loading class javax/swing/Timer$1
Event: 4.306 loading class javax/swing/Timer$1 done


Dynamic libraries:
0x00007ff64d0a0000 - 0x00007ff64d0d7000 	C:\Program Files\Java\jdk1.8.0_241\bin\java.exe
0x00007ffd2c460000 - 0x00007ffd2c650000 	C:\Windows\SYSTEM32\ntdll.dll
0x00007ffd2a7b0000 - 0x00007ffd2a862000 	C:\Windows\System32\KERNEL32.DLL
0x00007ffd296e0000 - 0x00007ffd29983000 	C:\Windows\System32\KERNELBASE.dll
0x00007ffd2a570000 - 0x00007ffd2a613000 	C:\Windows\System32\ADVAPI32.dll
0x00007ffd2c240000 - 0x00007ffd2c2de000 	C:\Windows\System32\msvcrt.dll
0x00007ffd2bb90000 - 0x00007ffd2bc27000 	C:\Windows\System32\sechost.dll
0x00007ffd2bc30000 - 0x00007ffd2bd50000 	C:\Windows\System32\RPCRT4.dll
0x00007ffd2b9f0000 - 0x00007ffd2bb84000 	C:\Windows\System32\USER32.dll
0x00007ffd293f0000 - 0x00007ffd29411000 	C:\Windows\System32\win32u.dll
0x00007ffd2b820000 - 0x00007ffd2b846000 	C:\Windows\System32\GDI32.dll
0x00007ffd29440000 - 0x00007ffd295d4000 	C:\Windows\System32\gdi32full.dll
0x00007ffd2a160000 - 0x00007ffd2a1fe000 	C:\Windows\System32\msvcp_win.dll
0x00007ffd295e0000 - 0x00007ffd296da000 	C:\Windows\System32\ucrtbase.dll
0x00007ffd1d230000 - 0x00007ffd1d4b5000 	C:\Windows\WinSxS\amd64_microsoft.windows.common-controls_6595b64144ccf1df_6.0.18362.592_none_e6c0b1911312be02\COMCTL32.dll
0x00007ffd2bf00000 - 0x00007ffd2c236000 	C:\Windows\System32\combase.dll
0x00007ffd2a260000 - 0x00007ffd2a2e0000 	C:\Windows\System32\bcryptPrimitives.dll
0x00007ffd2be20000 - 0x00007ffd2be4e000 	C:\Windows\System32\IMM32.DLL
0x0000000067010000 - 0x00000000670e2000 	C:\Program Files\Java\jdk1.8.0_241\jre\bin\msvcr100.dll
0x00000000670f0000 - 0x000000006799c000 	C:\Program Files\Java\jdk1.8.0_241\jre\bin\server\jvm.dll
0x00007ffd2b940000 - 0x00007ffd2b948000 	C:\Windows\System32\PSAPI.DLL
0x00007ffd25c60000 - 0x00007ffd25c69000 	C:\Windows\SYSTEM32\WSOCK32.dll
0x00007ffd26e50000 - 0x00007ffd26e74000 	C:\Windows\SYSTEM32\WINMM.dll
0x00007ffd2b850000 - 0x00007ffd2b8bf000 	C:\Windows\System32\WS2_32.dll
0x00007ffd1f7b0000 - 0x00007ffd1f7ba000 	C:\Windows\SYSTEM32\VERSION.dll
0x00007ffd26e20000 - 0x00007ffd26e4d000 	C:\Windows\SYSTEM32\winmmbase.dll
0x00007ffd29990000 - 0x00007ffd299da000 	C:\Windows\System32\cfgmgr32.dll
0x00007ffd25be0000 - 0x00007ffd25bef000 	C:\Program Files\Java\jdk1.8.0_241\jre\bin\verify.dll
0x00007ffd194a0000 - 0x00007ffd194c9000 	C:\Program Files\Java\jdk1.8.0_241\jre\bin\java.dll
0x00007ffd1db40000 - 0x00007ffd1db56000 	C:\Program Files\Java\jdk1.8.0_241\jre\bin\zip.dll
0x00007ffd2ace0000 - 0x00007ffd2b3c5000 	C:\Windows\System32\SHELL32.dll
0x00007ffd2a680000 - 0x00007ffd2a729000 	C:\Windows\System32\shcore.dll
0x00007ffd299e0000 - 0x00007ffd2a15f000 	C:\Windows\System32\windows.storage.dll
0x00007ffd293d0000 - 0x00007ffd293ef000 	C:\Windows\System32\profapi.dll
0x00007ffd29340000 - 0x00007ffd2938a000 	C:\Windows\System32\powrprof.dll
0x00007ffd29330000 - 0x00007ffd29340000 	C:\Windows\System32\UMPDC.dll
0x00007ffd2a510000 - 0x00007ffd2a562000 	C:\Windows\System32\shlwapi.dll
0x00007ffd29390000 - 0x00007ffd293a1000 	C:\Windows\System32\kernel.appcore.dll
0x00007ffd29420000 - 0x00007ffd29437000 	C:\Windows\System32\cryptsp.dll
0x00007ffd17d30000 - 0x00007ffd17eca000 	C:\Program Files\Java\jdk1.8.0_241\jre\bin\awt.dll
0x00007ffd2b3d0000 - 0x00007ffd2b494000 	C:\Windows\System32\OLEAUT32.dll
0x00007ffd274d0000 - 0x00007ffd2755f000 	C:\Windows\SYSTEM32\apphelp.dll
0x00007ffd27690000 - 0x00007ffd27729000 	C:\Windows\system32\uxtheme.dll
0x00007ffd2c2e0000 - 0x00007ffd2c415000 	C:\Windows\System32\MSCTF.dll
0x00007ffd2b6b0000 - 0x00007ffd2b806000 	C:\Windows\System32\ole32.dll
0x00007ffd27a00000 - 0x00007ffd27a2d000 	C:\Windows\system32\DWMAPI.DLL
0x00007ffd17550000 - 0x00007ffd17599000 	C:\Program Files\Java\jdk1.8.0_241\jre\bin\fontmanager.dll
0x00007ffd0aa20000 - 0x00007ffd0ab76000 	C:\Windows\system32\opengl32.dll
0x00007ffd17d00000 - 0x00007ffd17d2c000 	C:\Windows\SYSTEM32\GLU32.dll
0x00007ffd27fa0000 - 0x00007ffd27fc0000 	C:\Windows\SYSTEM32\dxcore.dll
0x00007ffd2be50000 - 0x00007ffd2bef2000 	C:\Windows\System32\clbcatq.dll
0x00007ffd23990000 - 0x00007ffd23b3f000 	C:\Windows\SYSTEM32\WindowsCodecs.dll
0x00007ffd17110000 - 0x00007ffd1714a000 	C:\Windows\system32\dataexchange.dll
0x00007ffd26c40000 - 0x00007ffd26e1b000 	C:\Windows\system32\dcomp.dll
0x00007ffd269e0000 - 0x00007ffd26c3b000 	C:\Windows\system32\d3d11.dll
0x00007ffd28030000 - 0x00007ffd2811b000 	C:\Windows\system32\dxgi.dll
0x00007ffd27780000 - 0x00007ffd279da000 	C:\Windows\system32\twinapi.appcore.dll
0x00007ffd27bb0000 - 0x00007ffd27bd9000 	C:\Windows\system32\RMCLIENT.dll
0x00007ffd1afd0000 - 0x00007ffd1afea000 	C:\Program Files\Java\jdk1.8.0_241\jre\bin\net.dll
0x00007ffd28ba0000 - 0x00007ffd28c07000 	C:\Windows\system32\mswsock.dll
0x00007ffd1a880000 - 0x00007ffd1a892000 	C:\Program Files\Java\jdk1.8.0_241\jre\bin\nio.dll
0x00007ffd17460000 - 0x00007ffd174a2000 	C:\Program Files\Java\jdk1.8.0_241\jre\bin\t2k.dll
0x00007ffd19220000 - 0x00007ffd192be000 	C:\Windows\System32\TextInputFramework.dll
0x00007ffd23b40000 - 0x00007ffd23e6a000 	C:\Windows\System32\CoreUIComponents.dll
0x00007ffd26f50000 - 0x00007ffd27024000 	C:\Windows\System32\CoreMessaging.dll
0x00007ffd28390000 - 0x00007ffd283c1000 	C:\Windows\SYSTEM32\ntmarta.dll
0x00007ffd25230000 - 0x00007ffd25383000 	C:\Windows\SYSTEM32\wintypes.dll
0x00007ffd17520000 - 0x00007ffd1754a000 	C:\Program Files\Java\jdk1.8.0_241\jre\bin\dcpr.dll
0x00007ffd288f0000 - 0x00007ffd289ba000 	C:\Windows\SYSTEM32\DNSAPI.dll
0x00007ffd2a730000 - 0x00007ffd2a738000 	C:\Windows\System32\NSI.dll
0x00007ffd288b0000 - 0x00007ffd288ea000 	C:\Windows\SYSTEM32\IPHLPAPI.DLL
0x00007ffd20d80000 - 0x00007ffd20d8a000 	C:\Windows\System32\rasadhlp.dll
0x00007ffd21860000 - 0x00007ffd218d7000 	C:\Windows\System32\fwpuclnt.dll
0x00007ffd2a4e0000 - 0x00007ffd2a506000 	C:\Windows\System32\bcrypt.dll
0x00007ffd17c60000 - 0x00007ffd17c84000 	C:\Program Files\Java\jdk1.8.0_241\jre\bin\sunec.dll
0x00007ffd21c60000 - 0x00007ffd21c76000 	C:\Windows\SYSTEM32\dhcpcsvc6.DLL
0x00007ffd21c40000 - 0x00007ffd21c5c000 	C:\Windows\SYSTEM32\dhcpcsvc.DLL
0x00007ffd286b0000 - 0x00007ffd286e3000 	C:\Windows\system32\rsaenh.dll
0x00007ffd29220000 - 0x00007ffd29245000 	C:\Windows\SYSTEM32\USERENV.dll
0x00007ffd28d70000 - 0x00007ffd28d7c000 	C:\Windows\SYSTEM32\CRYPTBASE.dll
0x00007ffd26f30000 - 0x00007ffd26f3b000 	C:\Program Files\Java\jdk1.8.0_241\jre\bin\sunmscapi.dll
0x00007ffd2a2e0000 - 0x00007ffd2a429000 	C:\Windows\System32\CRYPT32.dll
0x00007ffd293b0000 - 0x00007ffd293c2000 	C:\Windows\System32\MSASN1.dll
0x00007ffd1ab80000 - 0x00007ffd1abb1000 	C:\Program Files\Java\jdk1.8.0_241\jre\bin\jpeg.dll
0x00007ffd1de10000 - 0x00007ffd1e0b6000 	C:\Windows\System32\iertutil.dll
0x00007ffd17c10000 - 0x00007ffd17c39000 	C:\Users\HMS\AppData\Local\Temp\BridJExtractedLibraries7180565322040665412\bridj.dll
0x00007ffd17bd0000 - 0x00007ffd17c06000 	C:\Users\HMS\AppData\Local\Temp\BridJExtractedLibraries7180565322040665412\OpenIMAJGrabber.dll
0x00007ffd19f00000 - 0x00007ffd19f18000 	C:\Windows\System32\devenum.dll
0x00007ffd2a870000 - 0x00007ffd2ace0000 	C:\Windows\System32\setupapi.dll
0x00007ffd29130000 - 0x00007ffd2915a000 	C:\Windows\SYSTEM32\DEVOBJ.dll
0x00007ffd2a200000 - 0x00007ffd2a25c000 	C:\Windows\System32\WINTRUST.dll
0x00007ffd17c40000 - 0x00007ffd17c4b000 	C:\Windows\SYSTEM32\msdmo.dll
0x00007ffd17b90000 - 0x00007ffd17bc4000 	C:\Windows\System32\qcap.dll
0x00007ffcffc90000 - 0x00007ffcffe54000 	C:\Windows\System32\quartz.dll
0x00007ffd0a9d0000 - 0x00007ffd0aa1c000 	C:\Windows\System32\mfksproxy.dll
0x00007ffd17860000 - 0x00007ffd1787c000 	C:\Windows\System32\ATL.DLL
0x00007ffd09340000 - 0x00007ffd0953a000 	C:\Windows\System32\MFPlat.DLL
0x00007ffd1aab0000 - 0x00007ffd1aadf000 	C:\Windows\System32\RTWorkQ.DLL
0x00007ffd03110000 - 0x00007ffd0316c000 	C:\Windows\System32\MFSENSORGROUP.dll
0x00007ffd09b10000 - 0x00007ffd09b5d000 	C:\Windows\System32\ksproxy.ax
0x00007ffd25190000 - 0x00007ffd25199000 	C:\Windows\System32\ksuser.dll
0x00007ffd03e40000 - 0x00007ffd04007000 	C:\Windows\System32\d3d9.dll
0x00007ffd22e20000 - 0x00007ffd22ea6000 	C:\Windows\SYSTEM32\policymanager.dll
0x00007ffd25e60000 - 0x00007ffd25eea000 	C:\Windows\System32\msvcp110_win.dll
0x00007ffd26eb0000 - 0x00007ffd26ebd000 	C:\Windows\System32\vidcap.ax
0x00007ffd172a0000 - 0x00007ffd172c6000 	C:\Windows\System32\kswdmcap.ax
0x00007ffd007a0000 - 0x00007ffd00902000 	C:\Windows\System32\MFC42.dll
0x00007ffd00f10000 - 0x00007ffd00fb1000 	C:\Windows\System32\qedit.dll
0x00007ffd2bd50000 - 0x00007ffd2be20000 	C:\Windows\System32\COMDLG32.dll
0x00007ffd136b0000 - 0x00007ffd136d9000 	C:\Windows\System32\MSVFW32.dll
0x00007ffd06070000 - 0x00007ffd06213000 	C:\Windows\WinSxS\amd64_microsoft.windows.gdiplus_6595b64144ccf1df_1.1.18362.592_none_17aba4766da537d0\gdiplus.dll
0x00007ffd00430000 - 0x00007ffd00527000 	C:\Windows\System32\DDRAW.dll
0x00007ffd25180000 - 0x00007ffd25188000 	C:\Windows\System32\DCIMAN32.dll
0x00007ffd09300000 - 0x00007ffd0933b000 	C:\Windows\System32\CapabilityAccessManagerClient.dll
0x00007ffd09550000 - 0x00007ffd0959a000 	C:\Windows\System32\libzkfp.dll
0x00007ffd17310000 - 0x00007ffd1732e000 	C:\Windows\SYSTEM32\ZKFPCap.dll
0x00007ffd00200000 - 0x00007ffd002f2000 	C:\Windows\SYSTEM32\fpslib.dll
0x00007ffd170c0000 - 0x00007ffd170dd000 	C:\Windows\SYSTEM32\ZKFPSensors\libidfprcap.dll
0x00007ffd12630000 - 0x00007ffd1265d000 	C:\Windows\SYSTEM32\ZKFPSensors\libsilkidcap.dll
0x00007ffd123e0000 - 0x00007ffd123fc000 	C:\Windows\SYSTEM32\libzksensorcore.dll
0x0000000067b70000 - 0x0000000067b85000 	C:\Windows\SYSTEM32\libusb0.dll
0x00007ffd06f60000 - 0x00007ffd06fa8000 	C:\Windows\SYSTEM32\ZKFPSensors\libzklibcap.dll
0x0000000180000000 - 0x0000000180022000 	C:\Windows\SYSTEM32\zkfpslibLow.dll
0x000000001c140000 - 0x000000001c850000 	C:\Windows\SYSTEM32\fppswsk.dll
0x00007ffd1e0c0000 - 0x00007ffd1e149000 	C:\Windows\SYSTEM32\WINSPOOL.DRV
0x00007ffd25cf0000 - 0x00007ffd25ddf000 	C:\Windows\SYSTEM32\PROPSYS.dll
0x00007ffd1c0e0000 - 0x00007ffd1c0f6000 	C:\Windows\system32\napinsp.dll
0x00007ffd1c0c0000 - 0x00007ffd1c0da000 	C:\Windows\system32\pnrpnsp.dll

VM Arguments:
jvm_args: -Dfile.encoding=UTF-8 
java_command: view.ConexaoBancoView
java_class_path (initial): C:\netbeans\java\modules\ext\AbsoluteLayout.jar;C:\Users\HMS\Documents\NetBeansProjects\castelliEventos\lib\mysql-connector-java-8.0.19.jar;C:\Users\HMS\Documents\NetBeansProjects\castelliEventos\lib\bridj-0.7.0.jar;C:\Users\HMS\Documents\NetBeansProjects\castelliEventos\lib\slf4j-api-1.7.2.jar;C:\Users\HMS\Documents\NetBeansProjects\castelliEventos\lib\webcam-capture-0.3.12.jar;C:\Users\HMS\Documents\NetBeansProjects\castelliEventos\lib\ZKFingerReader.jar;C:\Users\HMS\Documents\NetBeansProjects\castelliEventos\build\classes
Launcher Type: SUN_STANDARD

Environment Variables:
PATH=C:\Program Files (x86)\Common Files\Oracle\Java\javapath;C:\Program Files (x86)\Borland\Delphi7\Bin;C:\Program Files (x86)\Borland\Delphi7\Projects\Bpl\;C:\Inprise\vbroker\bin;C:\Windows\system32;C:\Windows;C:\Windows\System32\Wbem;C:\Windows\System32\WindowsPowerShell\v1.0\;C:\Windows\System32\OpenSSH\;C:\Program Files\Git\cmd;C:\Program Files\nodejs\;C:\Program Files\dotnet\;C:\Program Files\Microsoft SQL Server\130\Tools\Binn\;C:\Program Files\Microsoft SQL Server\Client SDK\ODBC\170\Tools\Binn\;C:\Program Files\TortoiseSVN\bin;C:\Program Files\Java\jdk1.8.0_241\bin;c:\Program Files (x86)\Microsoft SQL Server\100\Tools\Binn\;c:\Program Files\Microsoft SQL Server\100\Tools\Binn\;c:\Program Files\Microsoft SQL Server\100\DTS\Binn\;C:\Program Files\MySQL\MySQL Shell 8.0\bin\;C:\Users\HMS\AppData\Local\Microsoft\WindowsApps;;C:\Users\HMS\AppData\Local\Programs\Microsoft VS Code\bin;C:\Users\HMS\AppData\Roaming\npm
USERNAME=HMS
OS=Windows_NT
PROCESSOR_IDENTIFIER=Intel64 Family 6 Model 42 Stepping 7, GenuineIntel



---------------  S Y S T E M  ---------------

OS: Windows 10.0 , 64 bit Build 18362 (10.0.18362.329)

CPU:total 4 (initial active 4) (4 cores per cpu, 1 threads per core) family 6 model 42 stepping 7, cmov, cx8, fxsr, mmx, sse, sse2, sse3, ssse3, sse4.1, sse4.2, popcnt, avx, aes, clmul, tsc, tscinvbit

Memory: 4k page, physical 4104832k(711016k free), swap 8561280k(2580556k free)

vm_info: Java HotSpot(TM) 64-Bit Server VM (25.241-b07) for windows-amd64 JRE (1.8.0_241-b07), built on Dec 11 2019 10:21:40 by "rejava" with MS VC++ 10.0 (VS2010)

time: Tue Feb 11 14:40:17 2020
timezone: Hora oficial do Brasil
elapsed time: 5 seconds (0d 0h 0m 5s)

